Log Date: Tue, 19 Jan 2016 02:46:44 +0000
START - Creating invoice for order #219
Log Date: Tue, 19 Jan 2016 02:46:44 +0000
Checking for client with email: daniel@growdevelopment.com
Log Date: Tue, 19 Jan 2016 02:46:44 +0000
SENDING XML:
<?xml version="1.0" encoding="utf-8"?><request method="client.list"><email>daniel@growdevelopment.com</email><folder>active</folder></request>
Log Date: Tue, 19 Jan 2016 02:46:44 +0000
RESPONSE XML: <?xml version="1.0" encoding="utf-8"?>
<response xmlns="http://www.freshbooks.com/api/" status="ok">
  <clients page="1" per_page="25" pages="1" total="1">
    <client>
      <client_id>41342</client_id>
      <first_name>Test</first_name>
      <last_name>Purchaser</last_name>
      <email>daniel@growdevelopment.com</email>
      <username>testpurchaser</username>
      <home_phone></home_phone>
      <mobile></mobile>
      <contacts/>
      <organization>Test Purchaser</organization>
      <work_phone></work_phone>
      <fax></fax>
      <vat_name></vat_name>
      <vat_number></vat_number>
      <p_street1></p_street1>
      <p_street2></p_street2>
      <p_city></p_city>
      <p_state></p_state>
      <p_country></p_country>
      <p_code></p_code>
      <s_street1></s_street1>
      <s_street2></s_street2>
      <s_city></s_city>
      <s_state></s_state>
      <s_country></s_country>
      <s_code></s_code>
      <notes></notes>
      <language>en</language>
      <currency_code>USD</currency_code>
      <folder>active</folder>
      <updated>2015-12-07 21:10:37</updated>
      <credits>
        <credit currency="USD">185.48</credit>
      </credits>
      <credit currency="USD" deprecated="true">185.48</credit>
      <url deprecated="true">https://growdevelopment.freshbooks.com/view/XNY4BjqpkiKVtF6</url>
      <auth_url deprecated="true">https://growdevelopment.freshbooks.com/clients/41342</auth_url>
      <links>
        <client_view>https://growdevelopment.freshbooks.com/view/XNY4BjqpkiKVtF6</client_view>
        <view>https://growdevelopment.freshbooks.com/clients/41342</view>
        <statement>https://growdevelopment.freshbooks.com/view/3kPXJezPU8C35BTE</statement>
      </links>
      <notifications>
        <late_payment_reminders>1</late_payment_reminders>
      </notifications>
    </client>
  </clients>
</response>

Log Date: Tue, 19 Jan 2016 02:46:44 +0000
sending xml: <?xml version="1.0" encoding="utf-8"?><request method="invoice.create"><invoice><client_id>41342</client_id><number>EDD-AB559</number><status>sent</status><date>2016-01-19 02:46:44</date><currency_code>USD</currency_code><first_name>Daniel</first_name><last_name>Espinoza</last_name><p_street1>111 main</p_street1><p_street2>Address 2</p_street2><p_city>san antonio</p_city><p_state>TX</p_state><p_country>US</p_country><p_code>78247</p_code><lines><line><name>Small download</name><unit_cost>6.6</unit_cost><quantity>1</quantity><type>Item</type></line></lines></invoice></request>
Log Date: Tue, 19 Jan 2016 02:46:44 +0000
SENDING XML:
<?xml version="1.0" encoding="utf-8"?><request method="invoice.create"><invoice><client_id>41342</client_id><number>EDD-AB559</number><status>sent</status><date>2016-01-19 02:46:44</date><currency_code>USD</currency_code><first_name>Daniel</first_name><last_name>Espinoza</last_name><p_street1>111 main</p_street1><p_street2>Address 2</p_street2><p_city>san antonio</p_city><p_state>TX</p_state><p_country>US</p_country><p_code>78247</p_code><lines><line><name>Small download</name><unit_cost>6.6</unit_cost><quantity>1</quantity><type>Item</type></line></lines></invoice></request>
Log Date: Tue, 19 Jan 2016 02:46:47 +0000
RESPONSE XML: <?xml version="1.0" encoding="utf-8"?>
<response xmlns="http://www.freshbooks.com/api/" status="ok">
  <invoice_id>2576752</invoice_id>
</response>

Log Date: Tue, 19 Jan 2016 02:46:47 +0000
response: <?xml version="1.0" encoding="utf-8"?>
<response xmlns="http://www.freshbooks.com/api/" status="ok">
  <invoice_id>2576752</invoice_id>
</response>

Log Date: Tue, 19 Jan 2016 02:46:47 +0000
END - Creating invoice for order #219
Log Date: Tue, 19 Jan 2016 02:46:47 +0000
START - Creating payment in FreshBooks for invoice ID: 2576752
Log Date: Tue, 19 Jan 2016 02:46:47 +0000
SENDING XML:
<?xml version="1.0" encoding="utf-8"?><request method="payment.create"><payment><invoice_id>2576752</invoice_id><amount>6.6</amount></payment></request>
Log Date: Tue, 19 Jan 2016 02:46:48 +0000
RESPONSE XML: <?xml version="1.0" encoding="utf-8"?>
<response xmlns="http://www.freshbooks.com/api/" status="ok">
  <payment_id>1039173</payment_id>
</response>

Log Date: Tue, 19 Jan 2016 02:46:48 +0000
END - Creating payment for order #219
Log Date: Tue, 19 Jan 2016 02:53:41 +0000
START - Creating invoice for order #221
Log Date: Tue, 19 Jan 2016 02:53:41 +0000
Checking for client with email: daniel@growdevelopment.com
Log Date: Tue, 19 Jan 2016 02:53:41 +0000
SENDING XML:
<?xml version="1.0" encoding="utf-8"?><request method="client.list"><email>daniel@growdevelopment.com</email><folder>active</folder></request>
Log Date: Tue, 19 Jan 2016 02:53:42 +0000
RESPONSE XML: <?xml version="1.0" encoding="utf-8"?>
<response xmlns="http://www.freshbooks.com/api/" status="ok">
  <clients page="1" per_page="25" pages="1" total="1">
    <client>
      <client_id>41342</client_id>
      <first_name>Test</first_name>
      <last_name>Purchaser</last_name>
      <email>daniel@growdevelopment.com</email>
      <username>testpurchaser</username>
      <home_phone></home_phone>
      <mobile></mobile>
      <contacts/>
      <organization>Test Purchaser</organization>
      <work_phone></work_phone>
      <fax></fax>
      <vat_name></vat_name>
      <vat_number></vat_number>
      <p_street1></p_street1>
      <p_street2></p_street2>
      <p_city></p_city>
      <p_state></p_state>
      <p_country></p_country>
      <p_code></p_code>
      <s_street1></s_street1>
      <s_street2></s_street2>
      <s_city></s_city>
      <s_state></s_state>
      <s_country></s_country>
      <s_code></s_code>
      <notes></notes>
      <language>en</language>
      <currency_code>USD</currency_code>
      <folder>active</folder>
      <updated>2016-01-18 21:46:46</updated>
      <credits>
        <credit currency="USD">185.48</credit>
      </credits>
      <credit currency="USD" deprecated="true">185.48</credit>
      <url deprecated="true">https://growdevelopment.freshbooks.com/view/XNY4BjqpkiKVtF6</url>
      <auth_url deprecated="true">https://growdevelopment.freshbooks.com/clients/41342</auth_url>
      <links>
        <client_view>https://growdevelopment.freshbooks.com/view/XNY4BjqpkiKVtF6</client_view>
        <view>https://growdevelopment.freshbooks.com/clients/41342</view>
        <statement>https://growdevelopment.freshbooks.com/view/3kPXJezPU8C35BTE</statement>
      </links>
      <notifications>
        <late_payment_reminders>1</late_payment_reminders>
      </notifications>
    </client>
  </clients>
</response>

Log Date: Tue, 19 Jan 2016 02:53:42 +0000
sending xml: <?xml version="1.0" encoding="utf-8"?><request method="invoice.create"><invoice><client_id>41342</client_id><number>EDD-AB560</number><status>sent</status><date>2016-01-19 02:53:41</date><currency_code>USD</currency_code><first_name>Daniel</first_name><last_name>Espinoza</last_name><p_street1>111 main</p_street1><p_street2>Address 2</p_street2><p_city>san antonio</p_city><p_state>TX</p_state><p_country>US</p_country><p_code>78247</p_code><lines><line><name>Test Download</name><unit_cost>1.1</unit_cost><quantity>1</quantity><type>Item</type></line></lines></invoice></request>
Log Date: Tue, 19 Jan 2016 02:53:42 +0000
SENDING XML:
<?xml version="1.0" encoding="utf-8"?><request method="invoice.create"><invoice><client_id>41342</client_id><number>EDD-AB560</number><status>sent</status><date>2016-01-19 02:53:41</date><currency_code>USD</currency_code><first_name>Daniel</first_name><last_name>Espinoza</last_name><p_street1>111 main</p_street1><p_street2>Address 2</p_street2><p_city>san antonio</p_city><p_state>TX</p_state><p_country>US</p_country><p_code>78247</p_code><lines><line><name>Test Download</name><unit_cost>1.1</unit_cost><quantity>1</quantity><type>Item</type></line></lines></invoice></request>
Log Date: Tue, 19 Jan 2016 02:53:43 +0000
RESPONSE XML: <?xml version="1.0" encoding="utf-8"?>
<response xmlns="http://www.freshbooks.com/api/" status="ok">
  <invoice_id>2576753</invoice_id>
</response>

Log Date: Tue, 19 Jan 2016 02:53:43 +0000
response: <?xml version="1.0" encoding="utf-8"?>
<response xmlns="http://www.freshbooks.com/api/" status="ok">
  <invoice_id>2576753</invoice_id>
</response>

Log Date: Tue, 19 Jan 2016 02:53:43 +0000
END - Creating invoice for order #221
Log Date: Tue, 19 Jan 2016 02:53:43 +0000
START - Creating payment in FreshBooks for invoice ID: 2576753
Log Date: Tue, 19 Jan 2016 02:53:43 +0000
SENDING XML:
<?xml version="1.0" encoding="utf-8"?><request method="payment.create"><payment><invoice_id>2576753</invoice_id><amount>1.1</amount><type>Credit Card</type></payment></request>
Log Date: Tue, 19 Jan 2016 02:53:44 +0000
RESPONSE XML: <?xml version="1.0" encoding="utf-8"?>
<response xmlns="http://www.freshbooks.com/api/" status="ok">
  <payment_id>1039175</payment_id>
</response>

Log Date: Tue, 19 Jan 2016 02:53:44 +0000
END - Creating payment for order #221
Log Date: Tue, 19 Jan 2016 02:56:08 +0000
START - Creating invoice for order #223
Log Date: Tue, 19 Jan 2016 02:56:08 +0000
Checking for client with email: daniel@growdevelopment.com
Log Date: Tue, 19 Jan 2016 02:56:08 +0000
SENDING XML:
<?xml version="1.0" encoding="utf-8"?><request method="client.list"><email>daniel@growdevelopment.com</email><folder>active</folder></request>
Log Date: Tue, 19 Jan 2016 02:56:09 +0000
RESPONSE XML: <?xml version="1.0" encoding="utf-8"?>
<response xmlns="http://www.freshbooks.com/api/" status="ok">
  <clients page="1" per_page="25" pages="1" total="1">
    <client>
      <client_id>41342</client_id>
      <first_name>Test</first_name>
      <last_name>Purchaser</last_name>
      <email>daniel@growdevelopment.com</email>
      <username>testpurchaser</username>
      <home_phone></home_phone>
      <mobile></mobile>
      <contacts/>
      <organization>Test Purchaser</organization>
      <work_phone></work_phone>
      <fax></fax>
      <vat_name></vat_name>
      <vat_number></vat_number>
      <p_street1></p_street1>
      <p_street2></p_street2>
      <p_city></p_city>
      <p_state></p_state>
      <p_country></p_country>
      <p_code></p_code>
      <s_street1></s_street1>
      <s_street2></s_street2>
      <s_city></s_city>
      <s_state></s_state>
      <s_country></s_country>
      <s_code></s_code>
      <notes></notes>
      <language>en</language>
      <currency_code>USD</currency_code>
      <folder>active</folder>
      <updated>2016-01-18 21:53:43</updated>
      <credits>
        <credit currency="USD">185.48</credit>
      </credits>
      <credit currency="USD" deprecated="true">185.48</credit>
      <url deprecated="true">https://growdevelopment.freshbooks.com/view/XNY4BjqpkiKVtF6</url>
      <auth_url deprecated="true">https://growdevelopment.freshbooks.com/clients/41342</auth_url>
      <links>
        <client_view>https://growdevelopment.freshbooks.com/view/XNY4BjqpkiKVtF6</client_view>
        <view>https://growdevelopment.freshbooks.com/clients/41342</view>
        <statement>https://growdevelopment.freshbooks.com/view/3kPXJezPU8C35BTE</statement>
      </links>
      <notifications>
        <late_payment_reminders>1</late_payment_reminders>
      </notifications>
    </client>
  </clients>
</response>

Log Date: Tue, 19 Jan 2016 02:56:09 +0000
sending xml: <?xml version="1.0" encoding="utf-8"?><request method="invoice.create"><invoice><client_id>41342</client_id><number>EDD-AB561</number><status>sent</status><date>2016-01-19 02:56:08</date><currency_code>USD</currency_code><first_name>Daniel</first_name><last_name>Espinoza</last_name><p_street1>111 main</p_street1><p_street2>Address 2</p_street2><p_city>san antonio</p_city><p_state>TX</p_state><p_country>US</p_country><p_code>78247</p_code><lines><line><name>Test Download</name><unit_cost>1.1</unit_cost><quantity>1</quantity><type>Item</type></line></lines></invoice></request>
Log Date: Tue, 19 Jan 2016 02:56:09 +0000
SENDING XML:
<?xml version="1.0" encoding="utf-8"?><request method="invoice.create"><invoice><client_id>41342</client_id><number>EDD-AB561</number><status>sent</status><date>2016-01-19 02:56:08</date><currency_code>USD</currency_code><first_name>Daniel</first_name><last_name>Espinoza</last_name><p_street1>111 main</p_street1><p_street2>Address 2</p_street2><p_city>san antonio</p_city><p_state>TX</p_state><p_country>US</p_country><p_code>78247</p_code><lines><line><name>Test Download</name><unit_cost>1.1</unit_cost><quantity>1</quantity><type>Item</type></line></lines></invoice></request>
Log Date: Tue, 19 Jan 2016 02:56:10 +0000
RESPONSE XML: <?xml version="1.0" encoding="utf-8"?>
<response xmlns="http://www.freshbooks.com/api/" status="ok">
  <invoice_id>2576754</invoice_id>
</response>

Log Date: Tue, 19 Jan 2016 02:56:10 +0000
response: <?xml version="1.0" encoding="utf-8"?>
<response xmlns="http://www.freshbooks.com/api/" status="ok">
  <invoice_id>2576754</invoice_id>
</response>

Log Date: Tue, 19 Jan 2016 02:56:10 +0000
END - Creating invoice for order #223
Log Date: Tue, 19 Jan 2016 02:56:10 +0000
START - Creating payment in FreshBooks for invoice ID: 2576754
Log Date: Tue, 19 Jan 2016 02:56:10 +0000
SENDING XML:
<?xml version="1.0" encoding="utf-8"?><request method="payment.create"><payment><invoice_id>2576754</invoice_id><amount>1.1</amount><type>PayPal</type></payment></request>
Log Date: Tue, 19 Jan 2016 02:56:11 +0000
RESPONSE XML: <?xml version="1.0" encoding="utf-8"?>
<response xmlns="http://www.freshbooks.com/api/" status="ok">
  <payment_id>1039177</payment_id>
</response>

Log Date: Tue, 19 Jan 2016 02:56:11 +0000
END - Creating payment for order #223
